<?xml version="1.0" encoding="UTF-8"?>
<!-- Generated by org.testng.reporters.JUnitReportReporter -->
<testsuite skipped="0" hostname="LAPTOP-26RSQLRR" name="red_carpet.TestBill" tests="2" failures="0" timestamp="2020-08-29T20:49:36 SGT" time="0.000" errors="0">
  <testcase name="testDebitBill" time="0.000" classname="red_carpet.TestBill"/>
  <system-out/>
  <testcase name="testBill" time="0.000" classname="red_carpet.TestBill"/>
  <system-out/>
</testsuite> <!-- red_carpet.TestBill -->
