<?xml version="1.0" encoding="UTF-8"?>
<!-- Generated by org.testng.reporters.JUnitReportReporter -->
<testsuite skipped="0" hostname="LAPTOP-26RSQLRR" name="red_carpet.TestRegistration" tests="2" failures="0" timestamp="2020-08-29T20:49:36 SGT" time="0.003" errors="0">
  <testcase name="testlogout" time="0.003" classname="red_carpet.TestRegistration"/>
  <system-out/>
  <testcase name="testLogin" time="0.000" classname="red_carpet.TestRegistration"/>
  <system-out/>
</testsuite> <!-- red_carpet.TestRegistration -->
